<?xml version="1.0" encoding="UTF-8"?>
<!-- Generated by org.testng.reporters.JUnitReportReporter -->
<testsuite hostname="DESKTOP-F8LMP1E" failures="0" tests="1" name="swag_app.NegativeLoginTest" time="3.047" errors="0" timestamp="2021-08-05T02:15:47 GST" skipped="0">
  <testcase classname="swag_app.NegativeLoginTest" name="TC01_verifyLoginUI" time="3.047"/>
  <system-out/>
</testsuite> <!-- swag_app.NegativeLoginTest -->
