<?xml version="1.0" encoding="UTF-8"?>
<!-- Generated by org.testng.reporters.JUnitReportReporter -->
<testsuite hostname="DESKTOP-F8LMP1E" failures="0" tests="1" name="testRunner.TestRunner" time="36.205" errors="0" timestamp="2021-09-05T09:10:29 GST" skipped="0">
  <testcase classname="testRunner.TestRunner" name="run_cukes" time="36.205"/>
  <system-out>
    <![CDATA[<div "featureFile">Feature File: ProductCheckout.feature</div>
<div "feature">Feature: Check product checkout functionality</div>
<div "scenarioOutline">Scenario Outline: Check the search functionality</div>
<div "result">Given  Already registered customer (passed : 17s)</div>
<div "result">When  Search Product &lt;Product&gt; in the list of Product displayed on Product screen and Click on ADD TO CART (passed : 2s)</div>
<div "result">And  Click Cart Button (passed : 1s)</div>
<div "scenario">Scenario Outline: Check the search functionality</div>
<div "result">Then  User must be re-directed to the product description page (passed : 0s)</div>
<div "result">And  Click the CHECKOUT button (passed : 1s)</div>
<div "result">And  Enter Checkout Information &lt;FIRST NAME&gt;, &lt;LAST NAME&gt;, &lt;ZIP CODE&gt; (passed : 0s)</div>
<div "result">And  Click Continue Button (passed : 1s)</div>
<div "result">And  Checkout Overview Screen is dispalyed (passed : 0s)</div>
<div "result">And  Product &lt;Product&gt; is displayed (passed : 3s)</div>
<div "result">And  Click on Finish Button (passed : 0s)</div>
<div "result">And  Checkout Complete Screen is dispalyed (passed : 0s)</div>
<div "result">Given  Launch the Application (passed : 0s)</div>
<div "result">When  Enter credentials username as &quot;standard_user&quot; and password as &quot;secret_sauce&quot; and login application (passed : 4s)</div>
<div "result">Then  User should be successfully logged in (passed : 0s)</div>]]>
  </system-out>
</testsuite> <!-- testRunner.TestRunner -->
