<?xml version="1.0" encoding="UTF-8"?>
<!-- Generated by org.testng.reporters.JUnitReportReporter -->
<testsuite hostname="DESKTOP-F8LMP1E" failures="0" tests="1" name="swag_app.Negative_TC2" time="16.391" errors="0" timestamp="2021-08-13T11:45:02 GST" skipped="0">
  <testcase classname="swag_app.Negative_TC2" name="CheckoutPriceValidation" time="16.391"/>
  <system-out/>
</testsuite> <!-- swag_app.Negative_TC2 -->
