<?xml version="1.0" encoding="UTF-8"?>
<!-- Generated by org.testng.reporters.JUnitReportReporter -->
<testsuite hostname="DESKTOP-F8LMP1E" failures="0" tests="1" name="swag_app.Postitive_TC01" time="31.193" errors="0" timestamp="2021-08-05T02:33:47 GST" skipped="0">
  <testcase classname="swag_app.Postitive_TC01" name="Checkout" time="31.193"/>
  <system-out/>
</testsuite> <!-- swag_app.Postitive_TC01 -->
