<?xml version="1.0" encoding="UTF-8"?>
<!-- Generated by org.testng.reporters.JUnitReportReporter -->
<testsuite hostname="DESKTOP-F8LMP1E" failures="0" tests="1" name="swag_app.ecommerce_TC3" time="32.981" errors="0" timestamp="2021-08-03T00:08:18 GST" skipped="0">
  <testcase classname="swag_app.ecommerce_TC3" name="totalValidation" time="32.981"/>
  <system-out/>
</testsuite> <!-- swag_app.ecommerce_TC3 -->
